<?xml version="1.0" encoding="UTF-8"?>
<!-- Generated by org.testng.reporters.JUnitReportReporter -->
<testsuite skipped="0" hostname="DESKTOP-KBVJ1V7" name="selenium.Testing2" tests="2" failures="0" timestamp="15 Nov 2019 00:30:36 GMT" time="0.000" errors="0">
  <testcase name="Test5" time="0.000" classname="selenium.Testing2"/>
  <testcase name="Test4" time="0.000" classname="selenium.Testing2"/>
</testsuite> <!-- selenium.Testing2 -->
