<?xml version="1.0" encoding="UTF-8"?>
<!-- Generated by org.testng.reporters.JUnitReportReporter -->
<testsuite skipped="0" hostname="DESKTOP-KBVJ1V7" name="selenium.Testing1" tests="5" failures="0" timestamp="15 Nov 2019 00:30:36 GMT" time="0.001" errors="0">
  <testcase name="f" time="0.000" classname="selenium.Testing1"/>
  <testcase name="Test3" time="0.000" classname="selenium.Testing1"/>
  <testcase name="f" time="0.000" classname="selenium.Testing1"/>
  <testcase name="Test2" time="0.001" classname="selenium.Testing1"/>
  <testcase name="Test1" time="0.000" classname="selenium.Testing1"/>
</testsuite> <!-- selenium.Testing1 -->
